<?xml version="1.0" encoding="UTF-8"?>
<!-- Generated by org.testng.reporters.JUnitReportReporter -->
<testsuite hostname="PriyaVelu" failures="0" tests="2" name="CucumberOptions.TestNGRunner" time="31.889" errors="0" timestamp="2024-11-17T02:34:45 IST" skipped="0">
  <testcase classname="CucumberOptions.TestNGRunner" name="runScenario" time="21.063"/>
  <testcase classname="CucumberOptions.TestNGRunner" name="runScenario" time="10.826"/>
</testsuite> <!-- CucumberOptions.TestNGRunner -->
