<?xml version="1.0" encoding="UTF-8"?>
<!-- Generated by org.testng.reporters.JUnitReportReporter -->
<testsuite hostname="PriyaVelu" failures="0" tests="2" name="CucumberOptions.TestNGRunner" time="32.341" errors="0" timestamp="2024-11-16T23:47:42 IST" skipped="0">
  <testcase classname="CucumberOptions.TestNGRunner" name="runScenario" time="11.189"/>
  <testcase classname="CucumberOptions.TestNGRunner" name="runScenario" time="21.152"/>
</testsuite> <!-- CucumberOptions.TestNGRunner -->
